#
# A fatal error has been detected by the Java Runtime Environment:
#
#  EXCEPTION_ACCESS_VIOLATION (0xc0000005) at pc=0x0000000054713be0, pid=4452, tid=0x0000000000001e78
#
# JRE version: OpenJDK Runtime Environment (8.0_275-b01) (build 1.8.0_275-b01)
# Java VM: OpenJDK 64-Bit Server VM (25.275-b01 mixed mode windows-amd64 compressed oops)
# Problematic frame:
# V  [jvm.dll+0x4c3be0]
#
# Failed to write core dump. Minidumps are not enabled by default on client versions of Windows
#
# If you would like to submit a bug report, please visit:
#   http://bugreport.java.com/bugreport/crash.jsp
#

---------------  T H R E A D  ---------------

Current thread (0x000000001437f800):  JavaThread "C2 CompilerThread0" daemon [_thread_in_native, id=7800, stack(0x00000000159e0000,0x0000000015ae0000)]

siginfo: ExceptionCode=0xc0000005, reading address 0x0000000454a62ae0

Registers:
RAX=0x0000000000000000, RBX=0x0000000000000000, RCX=0x0000000454a62ae0, RDX=0x0000000000000000
RSP=0x0000000015adc0b0, RBP=0x000000000000002b, RSI=0x0000000000000158, RDI=0x0000000015adc100
R8 =0x0000000000000000, R9 =0x0000000000002b6a, R10=0x0000000054250000, R11=0x0000000015adbfd0
R12=0x0000000000049020, R13=0x0000000000000a6e, R14=0x0000000054250000, R15=0x00000000000003d8
RIP=0x0000000054713be0, EFLAGS=0x0000000000010246

Top of Stack: (sp=0x0000000015adc0b0)
0x0000000015adc0b0:   0000000015ade880 000000002afc1df0
0x0000000015adc0c0:   fffffffffffffff8 000000001437f0e0
0x0000000015adc0d0:   0000000000000002 000000005470f4b5
0x0000000015adc0e0:   000000002ae33a10 0000000000000000
0x0000000015adc0f0:   0000000015adc1e0 0000000000000000
0x0000000015adc100:   0000000000000000 0000000000000008
0x0000000015adc110:   0000000454a62ae0 0000000000000000
0x0000000015adc120:   000000001d9b2c60 000000000000003a
0x0000000015adc130:   000000002adf7510 0000000015adc4d0
0x0000000015adc140:   000000001b4f0838 000000001b4f0460
0x0000000015adc150:   0000000015adc260 00000000546dafaa
0x0000000015adc160:   0000000000000000 000000001b4f0450
0x0000000015adc170:   0000000015adc4d0 0000000000000000
0x0000000015adc180:   0000000000000006 000000001b4f0450
0x0000000015adc190:   000000001da36c80 000000001da37950
0x0000000015adc1a0:   000000001da3ec68 0000000000fcb378 

Instructions: (pc=0x0000000054713be0)
0x0000000054713bc0:   48 8b 4f 20 48 39 04 0e 0f 84 9d 00 00 00 48 8b
0x0000000054713bd0:   0c 0e 33 d2 33 c0 48 89 4f 10 66 0f 1f 44 00 00
0x0000000054713be0:   83 3c 08 00 0f 85 36 01 00 00 ff c2 48 83 c0 04
0x0000000054713bf0:   83 fa 08 72 eb 48 8b 47 30 48 89 44 24 30 48 85 


Register to memory mapping:

RAX=0x0000000000000000 is an unknown value
RBX=0x0000000000000000 is an unknown value
RCX=0x0000000454a62ae0 is an unknown value
RDX=0x0000000000000000 is an unknown value
RSP=0x0000000015adc0b0 is pointing into the stack for thread: 0x000000001437f800
RBP=0x000000000000002b is an unknown value
RSI=0x0000000000000158 is an unknown value
RDI=0x0000000015adc100 is pointing into the stack for thread: 0x000000001437f800
R8 =0x0000000000000000 is an unknown value
R9 =0x0000000000002b6a is an unknown value
R10=0x0000000054250000 is an unknown value
R11=0x0000000015adbfd0 is pointing into the stack for thread: 0x000000001437f800
R12=0x0000000000049020 is an unknown value
R13=0x0000000000000a6e is an unknown value
R14=0x0000000054250000 is an unknown value
R15=0x00000000000003d8 is an unknown value


Stack: [0x00000000159e0000,0x0000000015ae0000],  sp=0x0000000015adc0b0,  free space=1008k
Native frames: (J=compiled Java code, j=interpreted, Vv=VM code, C=native code)
V  [jvm.dll+0x4c3be0]
V  [jvm.dll+0x4bf4b5]
V  [jvm.dll+0x48afaa]
V  [jvm.dll+0x495d6b]
V  [jvm.dll+0x498777]
V  [jvm.dll+0x47b5ff]
V  [jvm.dll+0x84b76]
V  [jvm.dll+0x853af]
V  [jvm.dll+0x22c7af]
V  [jvm.dll+0x2869ba]
C  [msvcr100.dll+0x21d9f]
C  [msvcr100.dll+0x21e3b]
C  [KERNEL32.DLL+0x17034]
C  [ntdll.dll+0x52651]


Current CompileTask:
C2:2074666 17147       4       sun.reflect.generics.parser.SignatureParser::parseFieldTypeSignature (73 bytes)


---------------  P R O C E S S  ---------------

Java Threads: ( => current thread )
  0x000000002667a000 JavaThread "WorkerExecutor Queue Thread 6" [_thread_blocked, id=9884, stack(0x0000000029150000,0x0000000029250000)]
  0x000000001b64f800 JavaThread "stdout" [_thread_in_native, id=11700, stack(0x000000002b380000,0x000000002b480000)]
  0x000000001b64f000 JavaThread "stderr" [_thread_in_native, id=16008, stack(0x000000002b280000,0x000000002b380000)]
  0x000000001b650800 JavaThread "stdout" [_thread_in_native, id=18012, stack(0x000000002b180000,0x000000002b280000)]
  0x000000001b651000 JavaThread "stderr" [_thread_in_native, id=11164, stack(0x000000002b080000,0x000000002b180000)]
  0x000000001b648000 JavaThread "stdout" [_thread_in_native, id=14952, stack(0x000000002ac80000,0x000000002ad80000)]
  0x000000001b64e000 JavaThread "stderr" [_thread_in_native, id=3128, stack(0x000000002ab80000,0x000000002ac80000)]
  0x000000001b64d800 JavaThread "stdout" [_thread_in_native, id=5744, stack(0x000000002aa80000,0x000000002ab80000)]
  0x000000001b64c800 JavaThread "stderr" [_thread_in_native, id=13588, stack(0x000000002a980000,0x000000002aa80000)]
  0x000000001b64b000 JavaThread "pool-4-thread-1" [_thread_blocked, id=1592, stack(0x0000000029050000,0x0000000029150000)]
  0x000000001b647000 JavaThread "WorkerExecutor Queue Thread 3" [_thread_blocked, id=10076, stack(0x0000000028f50000,0x0000000029050000)]
  0x000000001b64a000 JavaThread "WorkerExecutor Queue Thread 2" [_thread_in_vm, id=12052, stack(0x0000000028e50000,0x0000000028f50000)]
  0x000000001b646800 JavaThread "Cache worker for execution history cache (C:\Users\Dell\Desktop\my work\pmsApp\android\.gradle\6.7\executionHistory)" [_thread_blocked, id=13160, stack(0x0000000028d50000,0x0000000028e50000)]
  0x000000001b644000 JavaThread "Execution worker for ':' Thread 3" [_thread_in_Java, id=1968, stack(0x0000000028c50000,0x0000000028d50000)]
  0x000000001b645800 JavaThread "Execution worker for ':' Thread 2" [_thread_blocked, id=17096, stack(0x0000000028150000,0x0000000028250000)]
  0x000000001b642800 JavaThread "Execution worker for ':'" [_thread_blocked, id=5888, stack(0x0000000025360000,0x0000000025460000)]
  0x000000001c123000 JavaThread "pool-3-thread-1" [_thread_blocked, id=15388, stack(0x0000000024e60000,0x0000000024f60000)]
  0x000000001c124000 JavaThread "jar transforms Thread 276" [_thread_blocked, id=9964, stack(0x0000000024d60000,0x0000000024e60000)]
  0x000000001c125800 JavaThread "jar transforms Thread 275" [_thread_blocked, id=9008, stack(0x0000000024c60000,0x0000000024d60000)]
  0x000000001c122800 JavaThread "jar transforms Thread 274" [_thread_blocked, id=1960, stack(0x0000000024b60000,0x0000000024c60000)]
  0x000000001c127000 JavaThread "jar transforms Thread 273" [_thread_blocked, id=12120, stack(0x0000000024a60000,0x0000000024b60000)]
  0x000000001c126800 JavaThread "jar transforms Thread 272" [_thread_blocked, id=2624, stack(0x0000000024960000,0x0000000024a60000)]
  0x000000001c124800 JavaThread "jar transforms Thread 271" [_thread_blocked, id=17656, stack(0x0000000024860000,0x0000000024960000)]
  0x000000001c11a800 JavaThread "jar transforms Thread 270" [_thread_blocked, id=552, stack(0x0000000024760000,0x0000000024860000)]
  0x000000001c121800 JavaThread "jar transforms Thread 269" [_thread_blocked, id=3444, stack(0x0000000024660000,0x0000000024760000)]
  0x000000001c11b800 JavaThread "jar transforms Thread 268" [_thread_blocked, id=17196, stack(0x0000000024560000,0x0000000024660000)]
  0x000000001c121000 JavaThread "jar transforms Thread 267" [_thread_blocked, id=1248, stack(0x0000000024460000,0x0000000024560000)]
  0x000000001c119000 JavaThread "jar transforms Thread 266" [_thread_blocked, id=15416, stack(0x0000000024360000,0x0000000024460000)]
  0x000000001c11d000 JavaThread "jar transforms Thread 265" [_thread_blocked, id=5064, stack(0x0000000024260000,0x0000000024360000)]
  0x000000001c120000 JavaThread "jar transforms Thread 264" [_thread_blocked, id=13032, stack(0x0000000024060000,0x0000000024160000)]
  0x000000001c11f000 JavaThread "jar transforms Thread 263" [_thread_blocked, id=11868, stack(0x0000000023f60000,0x0000000024060000)]
  0x000000001c11c000 JavaThread "jar transforms Thread 262" [_thread_blocked, id=11668, stack(0x0000000023e60000,0x0000000023f60000)]
  0x000000001c118000 JavaThread "jar transforms Thread 261" [_thread_blocked, id=14612, stack(0x0000000023d60000,0x0000000023e60000)]
  0x000000001c119800 JavaThread "jar transforms Thread 260" [_thread_blocked, id=18056, stack(0x0000000023c60000,0x0000000023d60000)]
  0x000000001c11d800 JavaThread "jar transforms Thread 259" [_thread_blocked, id=11100, stack(0x0000000023b60000,0x0000000023c60000)]
  0x000000001c11e800 JavaThread "jar transforms Thread 258" [_thread_blocked, id=13328, stack(0x0000000023a60000,0x0000000023b60000)]
  0x000000001ad88800 JavaThread "jar transforms Thread 257" [_thread_blocked, id=19192, stack(0x0000000023960000,0x0000000023a60000)]
  0x000000001ad88000 JavaThread "jar transforms Thread 256" [_thread_blocked, id=10408, stack(0x0000000023860000,0x0000000023960000)]
  0x000000001ad87000 JavaThread "jar transforms Thread 255" [_thread_blocked, id=7388, stack(0x0000000023760000,0x0000000023860000)]
  0x000000001ad84000 JavaThread "jar transforms Thread 254" [_thread_blocked, id=3844, stack(0x0000000023660000,0x0000000023760000)]
  0x000000001ad83000 JavaThread "jar transforms Thread 253" [_thread_blocked, id=11044, stack(0x0000000023560000,0x0000000023660000)]
  0x000000001ad84800 JavaThread "jar transforms Thread 252" [_thread_blocked, id=15408, stack(0x0000000023460000,0x0000000023560000)]
  0x000000001ad89800 JavaThread "jar transforms Thread 251" [_thread_blocked, id=9156, stack(0x0000000023360000,0x0000000023460000)]
  0x000000001ad8a000 JavaThread "jar transforms Thread 250" [_thread_blocked, id=6976, stack(0x0000000023260000,0x0000000023360000)]
  0x000000001ad85800 JavaThread "jar transforms Thread 249" [_thread_blocked, id=9108, stack(0x0000000023160000,0x0000000023260000)]
  0x000000001ad86000 JavaThread "jar transforms Thread 248" [_thread_blocked, id=9640, stack(0x0000000023060000,0x0000000023160000)]
  0x000000001ad7b000 JavaThread "jar transforms Thread 247" [_thread_blocked, id=10072, stack(0x0000000022f60000,0x0000000023060000)]
  0x000000001ad80000 JavaThread "jar transforms Thread 246" [_thread_blocked, id=17820, stack(0x0000000022e60000,0x0000000022f60000)]
  0x000000001ad82800 JavaThread "jar transforms Thread 245" [_thread_blocked, id=15772, stack(0x0000000022d60000,0x0000000022e60000)]
  0x000000001ad7f000 JavaThread "jar transforms Thread 244" [_thread_blocked, id=7144, stack(0x0000000022c60000,0x0000000022d60000)]
  0x000000001ad7d000 JavaThread "jar transforms Thread 243" [_thread_blocked, id=1760, stack(0x0000000022b60000,0x0000000022c60000)]
  0x000000001ad7e800 JavaThread "jar transforms Thread 242" [_thread_blocked, id=976, stack(0x0000000022a60000,0x0000000022b60000)]
  0x000000001ad7c000 JavaThread "jar transforms Thread 241" [_thread_blocked, id=17040, stack(0x0000000022960000,0x0000000022a60000)]
  0x000000001ad7d800 JavaThread "jar transforms Thread 240" [_thread_blocked, id=14052, stack(0x0000000022860000,0x0000000022960000)]
  0x000000001ad81800 JavaThread "jar transforms Thread 239" [_thread_blocked, id=18408, stack(0x0000000022760000,0x0000000022860000)]
  0x000000001ad80800 JavaThread "jar transforms Thread 238" [_thread_blocked, id=7600, stack(0x0000000022660000,0x0000000022760000)]
  0x000000001779a800 JavaThread "jar transforms Thread 237" [_thread_blocked, id=10656, stack(0x0000000022560000,0x0000000022660000)]
  0x0000000017799000 JavaThread "jar transforms Thread 236" [_thread_blocked, id=8212, stack(0x0000000022460000,0x0000000022560000)]
  0x0000000017798000 JavaThread "jar transforms Thread 235" [_thread_blocked, id=7736, stack(0x0000000022360000,0x0000000022460000)]
  0x0000000017799800 JavaThread "jar transforms Thread 234" [_thread_blocked, id=11864, stack(0x0000000022260000,0x0000000022360000)]
  0x0000000017797800 JavaThread "jar transforms Thread 233" [_thread_blocked, id=9188, stack(0x0000000022160000,0x0000000022260000)]
  0x000000001778f800 JavaThread "jar transforms Thread 232" [_thread_blocked, id=4176, stack(0x0000000022060000,0x0000000022160000)]
  0x0000000017796800 JavaThread "jar transforms Thread 231" [_thread_blocked, id=9744, stack(0x0000000021f60000,0x0000000022060000)]
  0x0000000017796000 JavaThread "jar transforms Thread 230" [_thread_blocked, id=13036, stack(0x0000000021e60000,0x0000000021f60000)]
  0x000000001778e000 JavaThread "jar transforms Thread 229" [_thread_blocked, id=11032, stack(0x0000000021d60000,0x0000000021e60000)]
  0x0000000017795000 JavaThread "jar transforms Thread 228" [_thread_blocked, id=2864, stack(0x0000000021c60000,0x0000000021d60000)]
  0x000000001778d000 JavaThread "jar transforms Thread 227" [_thread_blocked, id=12984, stack(0x0000000021b60000,0x0000000021c60000)]
  0x0000000017794000 JavaThread "jar transforms Thread 226" [_thread_blocked, id=3956, stack(0x0000000021a60000,0x0000000021b60000)]
  0x000000001778c800 JavaThread "jar transforms Thread 225" [_thread_blocked, id=12428, stack(0x0000000021960000,0x0000000021a60000)]
  0x0000000017792000 JavaThread "jar transforms Thread 224" [_thread_blocked, id=8888, stack(0x0000000021860000,0x0000000021960000)]
  0x0000000017792800 JavaThread "jar transforms Thread 223" [_thread_blocked, id=14456, stack(0x0000000021760000,0x0000000021860000)]
  0x0000000017793800 JavaThread "jar transforms Thread 222" [_thread_blocked, id=19272, stack(0x0000000021660000,0x0000000021760000)]
  0x000000001778b800 JavaThread "jar transforms Thread 221" [_thread_blocked, id=12788, stack(0x0000000021560000,0x0000000021660000)]
  0x0000000017790800 JavaThread "jar transforms Thread 220" [_thread_blocked, id=6376, stack(0x0000000021460000,0x0000000021560000)]
  0x000000001778e800 JavaThread "jar transforms Thread 219" [_thread_blocked, id=15592, stack(0x0000000021360000,0x0000000021460000)]
  0x0000000017791000 JavaThread "jar transforms Thread 218" [_thread_blocked, id=1812, stack(0x0000000021260000,0x0000000021360000)]
  0x0000000019bf6800 JavaThread "jar transforms Thread 217" [_thread_blocked, id=8100, stack(0x0000000021160000,0x0000000021260000)]
  0x0000000019bf5800 JavaThread "jar transforms Thread 216" [_thread_blocked, id=10596, stack(0x0000000021060000,0x0000000021160000)]
  0x0000000019bf7800 JavaThread "jar transforms Thread 215" [_thread_blocked, id=15164, stack(0x0000000020f60000,0x0000000021060000)]
  0x0000000019bf5000 JavaThread "jar transforms Thread 214" [_thread_blocked, id=8480, stack(0x0000000020e60000,0x0000000020f60000)]
  0x0000000019bfc000 JavaThread "jar transforms Thread 213" [_thread_blocked, id=17884, stack(0x0000000020d60000,0x0000000020e60000)]
  0x000000001a0b4000 JavaThread "jar transforms Thread 212" [_thread_blocked, id=13596, stack(0x0000000020c60000,0x0000000020d60000)]
  0x000000001a0b3800 JavaThread "jar transforms Thread 211" [_thread_blocked, id=18996, stack(0x0000000020b60000,0x0000000020c60000)]
  0x000000001a0b2800 JavaThread "jar transforms Thread 210" [_thread_blocked, id=13176, stack(0x0000000020a60000,0x0000000020b60000)]
  0x000000001a0b1800 JavaThread "jar transforms Thread 209" [_thread_blocked, id=10184, stack(0x0000000020960000,0x0000000020a60000)]
  0x000000001a0b1000 JavaThread "jar transforms Thread 208" [_thread_blocked, id=6672, stack(0x0000000020860000,0x0000000020960000)]
  0x000000001a0a9000 JavaThread "jar transforms Thread 207" [_thread_blocked, id=17852, stack(0x0000000020760000,0x0000000020860000)]
  0x000000001a0aa000 JavaThread "jar transforms Thread 206" [_thread_blocked, id=12720, stack(0x0000000020660000,0x0000000020760000)]
  0x000000001a0ac000 JavaThread "jar transforms Thread 205" [_thread_blocked, id=2648, stack(0x0000000020560000,0x0000000020660000)]
  0x000000001a0b0000 JavaThread "jar transforms Thread 204" [_thread_blocked, id=2800, stack(0x0000000020460000,0x0000000020560000)]
  0x000000001a0ab800 JavaThread "jar transforms Thread 203" [_thread_blocked, id=11048, stack(0x0000000020360000,0x0000000020460000)]
  0x000000001a0a6800 JavaThread "jar transforms Thread 202" [_thread_blocked, id=14496, stack(0x0000000020260000,0x0000000020360000)]
  0x000000001b9af800 JavaThread "jar transforms Thread 201" [_thread_blocked, id=17976, stack(0x0000000020160000,0x0000000020260000)]
  0x000000001b9ae800 JavaThread "jar transforms Thread 200" [_thread_blocked, id=14848, stack(0x0000000020060000,0x0000000020160000)]
  0x000000001b9ad800 JavaThread "jar transforms Thread 199" [_thread_blocked, id=7224, stack(0x000000001ff60000,0x0000000020060000)]
  0x000000001b9ad000 JavaThread "jar transforms Thread 198" [_thread_blocked, id=17088, stack(0x000000001fe60000,0x000000001ff60000)]
  0x000000001b9aa800 JavaThread "jar transforms Thread 197" [_thread_blocked, id=12628, stack(0x000000001fd60000,0x000000001fe60000)]
  0x000000001b9ac000 JavaThread "jar transforms Thread 196" [_thread_blocked, id=6948, stack(0x000000001fc60000,0x000000001fd60000)]
  0x000000001b9ab800 JavaThread "jar transforms Thread 195" [_thread_blocked, id=4024, stack(0x000000001fb60000,0x000000001fc60000)]
  0x000000001b9b0000 JavaThread "jar transforms Thread 194" [_thread_blocked, id=18552, stack(0x000000001fa60000,0x000000001fb60000)]
  0x000000001b9aa000 JavaThread "jar transforms Thread 193" [_thread_blocked, id=6140, stack(0x000000001f960000,0x000000001fa60000)]
  0x000000001b9a2000 JavaThread "jar transforms Thread 192" [_thread_blocked, id=3344, stack(0x000000001f860000,0x000000001f960000)]
  0x000000001b9a9000 JavaThread "jar transforms Thread 191" [_thread_blocked, id=10576, stack(0x000000001f760000,0x000000001f860000)]
  0x000000001b9a8000 JavaThread "jar transforms Thread 190" [_thread_blocked, id=11768, stack(0x000000001f660000,0x000000001f760000)]
  0x000000001b9a1000 JavaThread "jar transforms Thread 189" [_thread_blocked, id=2580, stack(0x000000001f560000,0x000000001f660000)]
  0x000000001b9a7800 JavaThread "jar transforms Thread 188" [_thread_blocked, id=16840, stack(0x000000001f460000,0x000000001f560000)]
  0x000000001b9a4800 JavaThread "jar transforms Thread 187" [_thread_blocked, id=18160, stack(0x000000001f360000,0x000000001f460000)]
  0x000000001b9a3800 JavaThread "jar transforms Thread 186" [_thread_blocked, id=8544, stack(0x000000001f260000,0x000000001f360000)]
  0x00000000197b8000 JavaThread "jar transforms Thread 185" [_thread_blocked, id=17676, stack(0x000000001f160000,0x000000001f260000)]
  0x00000000197b6800 JavaThread "Build operations Thread 4" [_thread_blocked, id=16732, stack(0x000000001ea40000,0x000000001eb40000)]
  0x00000000197b5000 JavaThread "Build operations Thread 3" [_thread_blocked, id=13532, stack(0x000000001e640000,0x000000001e740000)]
  0x00000000197b4800 JavaThread "Build operations Thread 2" [_thread_blocked, id=3408, stack(0x000000001de40000,0x000000001df40000)]
  0x00000000197b6000 JavaThread "Build operations" [_thread_blocked, id=5540, stack(0x000000001dd40000,0x000000001de40000)]
  0x00000000197b7800 JavaThread "Cache worker for Build Output Cleanup Cache (C:\Users\Dell\Desktop\my work\pmsApp\android\.gradle\buildOutputCleanup)" [_thread_blocked, id=10648, stack(0x000000001c9a0000,0x000000001caa0000)]
  0x00000000197b2800 JavaThread "Cache worker for cache directory md-rule (C:\Users\Dell\.gradle\caches\6.7\md-rule)" [_thread_blocked, id=11416, stack(0x000000001c8a0000,0x000000001c9a0000)]
  0x00000000197b3800 JavaThread "Cache worker for cache directory md-supplier (C:\Users\Dell\.gradle\caches\6.7\md-supplier)" [_thread_blocked, id=13744, stack(0x0000000018e30000,0x0000000018f30000)]
  0x00000000197ab000 JavaThread "Cache worker for checksums cache (C:\Users\Dell\Desktop\my work\pmsApp\android\.gradle\checksums)" [_thread_blocked, id=2844, stack(0x0000000018d30000,0x0000000018e30000)]
  0x00000000197b2000 JavaThread "Cache worker for file hash cache (C:\Users\Dell\Desktop\my work\pmsApp\android\.gradle\6.7\fileHashes)" [_thread_blocked, id=8484, stack(0x0000000018c30000,0x0000000018d30000)]
  0x00000000197ab800 JavaThread "Thread-239" [_thread_blocked, id=4560, stack(0x0000000018b30000,0x0000000018c30000)]
  0x00000000197b0800 JavaThread "Stdin handler" [_thread_blocked, id=14164, stack(0x0000000018630000,0x0000000018730000)]
  0x00000000197af800 JavaThread "Asynchronous log dispatcher for DefaultDaemonConnection: socket connection from /127.0.0.1:55402 to /127.0.0.1:56117" [_thread_blocked, id=3752, stack(0x00000000181f0000,0x00000000182f0000)]
  0x00000000197ae000 JavaThread "Daemon worker Thread 3" [_thread_blocked, id=17596, stack(0x00000000180f0000,0x00000000181f0000)]
  0x00000000197ad000 JavaThread "Cancel handler" [_thread_blocked, id=8852, stack(0x0000000002bd0000,0x0000000002cd0000)]
  0x00000000197aa000 JavaThread "Handler for socket connection from /127.0.0.1:55402 to /127.0.0.1:56117" [_thread_in_native, id=15588, stack(0x0000000001230000,0x0000000001330000)]
  0x00000000197b1000 JavaThread "Daemon Thread 3" [_thread_blocked, id=4228, stack(0x0000000001020000,0x0000000001120000)]
  0x000000001a0a8800 JavaThread "Device List Monitor" [_thread_in_native, id=7332, stack(0x0000000028550000,0x0000000028650000)]
  0x000000001a0af800 JavaThread "JdwpProxyConnection" [_thread_in_native, id=12992, stack(0x0000000028450000,0x0000000028550000)]
  0x000000001a0ae800 JavaThread "Monitor" [_thread_in_native, id=8528, stack(0x0000000026360000,0x0000000026460000)]
  0x000000001a0aa800 JavaThread "Memory manager" [_thread_blocked, id=11068, stack(0x0000000025860000,0x0000000025960000)]
  0x0000000019bf8000 JavaThread "Cache worker for file content cache (C:\Users\Dell\.gradle\caches\6.7\fileContent)" [_thread_blocked, id=9096, stack(0x000000001e740000,0x000000001e840000)]
  0x0000000019bf9800 JavaThread "Cache worker for execution history cache (C:\Users\Dell\.gradle\caches\6.7\executionHistory)" [_thread_blocked, id=18688, stack(0x000000001df40000,0x000000001e040000)]
  0x0000000019bf9000 JavaThread "Cache worker for journal cache (C:\Users\Dell\.gradle\caches\journal-1)" [_thread_blocked, id=14756, stack(0x000000001c3a0000,0x000000001c4a0000)]
  0x0000000019bfa800 JavaThread "File lock request listener" [_thread_in_native, id=2236, stack(0x000000001b2d0000,0x000000001b3d0000)]
  0x0000000019bfb000 JavaThread "Cache worker for file hash cache (C:\Users\Dell\.gradle\caches\6.7\fileHashes)" [_thread_blocked, id=16080, stack(0x000000001a100000,0x000000001a200000)]
  0x0000000015e16000 JavaThread "Daemon periodic checks" [_thread_blocked, id=3848, stack(0x0000000018530000,0x0000000018630000)]
  0x0000000015e15000 JavaThread "Incoming local TCP Connector on port 55402" [_thread_in_native, id=1804, stack(0x00000000182f0000,0x00000000183f0000)]
  0x00000000173d7800 JavaThread "Daemon health stats" [_thread_blocked, id=12744, stack(0x0000000017cb0000,0x0000000017db0000)]
  0x0000000015d0c000 JavaThread "Service Thread" daemon [_thread_blocked, id=9192, stack(0x00000000160e0000,0x00000000161e0000)]
  0x0000000014387800 JavaThread "C1 CompilerThread2" daemon [_thread_blocked, id=8468, stack(0x0000000015be0000,0x0000000015ce0000)]
  0x0000000014382000 JavaThread "C2 CompilerThread1" daemon [_thread_blocked, id=1088, stack(0x0000000015ae0000,0x0000000015be0000)]
=>0x000000001437f800 JavaThread "C2 CompilerThread0" daemon [_thread_in_native, id=7800, stack(0x00000000159e0000,0x0000000015ae0000)]
  0x000000001437c800 JavaThread "Attach Listener" daemon [_thread_blocked, id=9444, stack(0x00000000158e0000,0x00000000159e0000)]
  0x000000001437a000 JavaThread "Signal Dispatcher" daemon [_thread_blocked, id=13300, stack(0x00000000157e0000,0x00000000158e0000)]
  0x0000000002f4c000 JavaThread "Finalizer" daemon [_thread_blocked, id=10808, stack(0x00000000155e0000,0x00000000156e0000)]
  0x0000000014359000 JavaThread "Reference Handler" daemon [_thread_blocked, id=19408, stack(0x00000000154e0000,0x00000000155e0000)]
  0x0000000002e52800 JavaThread "main" [_thread_blocked, id=18864, stack(0x0000000002d50000,0x0000000002e50000)]

Other Threads:
  0x0000000014337800 VMThread [stack: 0x00000000153e0000,0x00000000154e0000] [id=5840]
  0x0000000015d15000 WatcherThread [stack: 0x00000000161e0000,0x00000000162e0000] [id=8844]

VM state:not at safepoint (normal execution)

VM Mutex/Monitor currently owned by a thread: None

heap address: 0x00000000e0000000, size: 512 MB, Compressed Oops mode: 32-bit
Narrow klass base: 0x0000000000000000, Narrow klass shift: 3
Compressed class space size: 1073741824 Address: 0x0000000100000000

Heap:
 PSYoungGen      total 134144K, used 49001K [0x00000000f5580000, 0x0000000100000000, 0x0000000100000000)
  eden space 97792K, 45% used [0x00000000f5580000,0x00000000f8148500,0x00000000fb500000)
  from space 36352K, 11% used [0x00000000fdc80000,0x00000000fe092000,0x0000000100000000)
  to   space 38400K, 0% used [0x00000000fb500000,0x00000000fb500000,0x00000000fda80000)
 ParOldGen       total 175104K, used 135921K [0x00000000e0000000, 0x00000000eab00000, 0x00000000f5580000)
  object space 175104K, 77% used [0x00000000e0000000,0x00000000e84bc4c0,0x00000000eab00000)
 Metaspace       used 83935K, capacity 90488K, committed 90776K, reserved 1128448K
  class space    used 11297K, capacity 12569K, committed 12696K, reserved 1048576K

Card table byte_map: [0x0000000012310000,0x0000000012420000] byte_map_base: 0x0000000011c10000

Marking Bits: (ParMarkBitMap*) 0x0000000054a623c0
 Begin Bits: [0x00000000128d0000, 0x00000000130d0000)
 End Bits:   [0x00000000130d0000, 0x00000000138d0000)

Polling page: 0x0000000001400000

CodeCache: size=245760Kb used=46510Kb max_used=46543Kb free=199250Kb
 bounds [0x0000000002f50000, 0x0000000005d30000, 0x0000000011f50000]
 total_blobs=14926 nmethods=14092 adapters=744
 compilation: enabled

Compilation events (10 events):
Event: 2074.304 Thread 0x0000000014387800 17239       3       org.gradle.api.internal.artifacts.repositories.resolver.ExternalResourceResolver::<init> (96 bytes)
Event: 2074.306 Thread 0x0000000014387800 nmethod 17239 0x0000000005895390 code [0x0000000005895540, 0x0000000005895c30]
Event: 2074.308 Thread 0x0000000014387800 17240   !   3       sun.reflect.GeneratedConstructorAccessor94::newInstance (85 bytes)
Event: 2074.310 Thread 0x0000000014387800 nmethod 17240 0x0000000005a44890 code [0x0000000005a44b60, 0x0000000005a46348]
Event: 2074.310 Thread 0x0000000014387800 17244       3       org.gradle.api.internal.artifacts.ivyservice.ivyresolve.DynamicVersionResolver$RepositoryResolveState::candidates (132 bytes)
Event: 2074.313 Thread 0x0000000014387800 nmethod 17244 0x00000000058dd650 code [0x00000000058dd900, 0x00000000058debb8]
Event: 2074.313 Thread 0x0000000014387800 17245       3       org.gradle.api.internal.artifacts.ivyservice.ivyresolve.DefaultVersionedComponentChooser::selectNewestMatchingComponent (220 bytes)
Event: 2074.394 Thread 0x0000000014387800 nmethod 17245 0x0000000005cd7f10 code [0x0000000005cd8320, 0x0000000005cda588]
Event: 2074.394 Thread 0x0000000014387800 17241       3       com.google.common.collect.Maps::newHashMapWithExpectedSize (12 bytes)
Event: 2074.395 Thread 0x0000000014387800 nmethod 17241 0x00000000054b6f50 code [0x00000000054b7120, 0x00000000054b74b8]

GC Heap History (10 events):
Event: 982.879 GC heap before
{Heap before GC invocations=21 (full 3):
 PSYoungGen      total 144896K, used 144864K [0x00000000f5580000, 0x0000000100000000, 0x0000000100000000)
  eden space 117760K, 100% used [0x00000000f5580000,0x00000000fc880000,0x00000000fc880000)
  from space 27136K, 99% used [0x00000000fcb00000,0x00000000fe5781b8,0x00000000fe580000)
  to   space 27136K, 0% used [0x00000000fe580000,0x00000000fe580000,0x0000000100000000)
 ParOldGen       total 175104K, used 78289K [0x00000000e0000000, 0x00000000eab00000, 0x00000000f5580000)
  object space 175104K, 44% used [0x00000000e0000000,0x00000000e4c74798,0x00000000eab00000)
 Metaspace       used 78561K, capacity 84300K, committed 84632K, reserved 1122304K
  class space    used 10695K, capacity 11841K, committed 11928K, reserved 1048576K
Event: 983.016 GC heap after
Heap after GC invocations=21 (full 3):
 PSYoungGen      total 137216K, used 20544K [0x00000000f5580000, 0x0000000100000000, 0x0000000100000000)
  eden space 110080K, 0% used [0x00000000f5580000,0x00000000f5580000,0x00000000fc100000)
  from space 27136K, 75% used [0x00000000fe580000,0x00000000ff990148,0x0000000100000000)
  to   space 32256K, 0% used [0x00000000fc100000,0x00000000fc100000,0x00000000fe080000)
 ParOldGen       total 175104K, used 89535K [0x00000000e0000000, 0x00000000eab00000, 0x00000000f5580000)
  object space 175104K, 51% used [0x00000000e0000000,0x00000000e576fee8,0x00000000eab00000)
 Metaspace       used 78561K, capacity 84300K, committed 84632K, reserved 1122304K
  class space    used 10695K, capacity 11841K, committed 11928K, reserved 1048576K
}
Event: 1239.644 GC heap before
{Heap before GC invocations=22 (full 3):
 PSYoungGen      total 137216K, used 130624K [0x00000000f5580000, 0x0000000100000000, 0x0000000100000000)
  eden space 110080K, 100% used [0x00000000f5580000,0x00000000fc100000,0x00000000fc100000)
  from space 27136K, 75% used [0x00000000fe580000,0x00000000ff990148,0x0000000100000000)
  to   space 32256K, 0% used [0x00000000fc100000,0x00000000fc100000,0x00000000fe080000)
 ParOldGen       total 175104K, used 89535K [0x00000000e0000000, 0x00000000eab00000, 0x00000000f5580000)
  object space 175104K, 51% used [0x00000000e0000000,0x00000000e576fee8,0x00000000eab00000)
 Metaspace       used 78749K, capacity 84548K, committed 84632K, reserved 1122304K
  class space    used 10711K, capacity 11897K, committed 11928K, reserved 1048576K
Event: 1239.746 GC heap after
Heap after GC invocations=22 (full 3):
 PSYoungGen      total 109568K, used 1632K [0x00000000f5580000, 0x00000000fff80000, 0x0000000100000000)
  eden space 107520K, 0% used [0x00000000f5580000,0x00000000f5580000,0x00000000fbe80000)
  from space 2048K, 79% used [0x00000000fc100000,0x00000000fc298000,0x00000000fc300000)
  to   space 33280K, 0% used [0x00000000fdf00000,0x00000000fdf00000,0x00000000fff80000)
 ParOldGen       total 175104K, used 108259K [0x00000000e0000000, 0x00000000eab00000, 0x00000000f5580000)
  object space 175104K, 61% used [0x00000000e0000000,0x00000000e69b8c98,0x00000000eab00000)
 Metaspace       used 78749K, capacity 84548K, committed 84632K, reserved 1122304K
  class space    used 10711K, capacity 11897K, committed 11928K, reserved 1048576K
}
Event: 2055.923 GC heap before
{Heap before GC invocations=23 (full 3):
 PSYoungGen      total 109568K, used 109152K [0x00000000f5580000, 0x00000000fff80000, 0x0000000100000000)
  eden space 107520K, 100% used [0x00000000f5580000,0x00000000fbe80000,0x00000000fbe80000)
  from space 2048K, 79% used [0x00000000fc100000,0x00000000fc298000,0x00000000fc300000)
  to   space 33280K, 0% used [0x00000000fdf00000,0x00000000fdf00000,0x00000000fff80000)
 ParOldGen       total 175104K, used 108259K [0x00000000e0000000, 0x00000000eab00000, 0x00000000f5580000)
  object space 175104K, 61% used [0x00000000e0000000,0x00000000e69b8c98,0x00000000eab00000)
 Metaspace       used 79964K, capacity 86220K, committed 86424K, reserved 1124352K
  class space    used 10861K, capacity 12057K, committed 12184K, reserved 1048576K
Event: 2055.989 GC heap after
Heap after GC invocations=23 (full 3):
 PSYoungGen      total 135680K, used 19054K [0x00000000f5580000, 0x00000000ffc80000, 0x0000000100000000)
  eden space 105472K, 0% used [0x00000000f5580000,0x00000000f5580000,0x00000000fbc80000)
  from space 30208K, 63% used [0x00000000fdf00000,0x00000000ff19bb98,0x00000000ffc80000)
  to   space 32768K, 0% used [0x00000000fbc80000,0x00000000fbc80000,0x00000000fdc80000)
 ParOldGen       total 175104K, used 109703K [0x00000000e0000000, 0x00000000eab00000, 0x00000000f5580000)
  object space 175104K, 62% used [0x00000000e0000000,0x00000000e6b21cc8,0x00000000eab00000)
 Metaspace       used 79964K, capacity 86220K, committed 86424K, reserved 1124352K
  class space    used 10861K, capacity 12057K, committed 12184K, reserved 1048576K
}
Event: 2063.127 GC heap before
{Heap before GC invocations=24 (full 3):
 PSYoungGen      total 135680K, used 124526K [0x00000000f5580000, 0x00000000ffc80000, 0x0000000100000000)
  eden space 105472K, 100% used [0x00000000f5580000,0x00000000fbc80000,0x00000000fbc80000)
  from space 30208K, 63% used [0x00000000fdf00000,0x00000000ff19bb98,0x00000000ffc80000)
  to   space 32768K, 0% used [0x00000000fbc80000,0x00000000fbc80000,0x00000000fdc80000)
 ParOldGen       total 175104K, used 109703K [0x00000000e0000000, 0x00000000eab00000, 0x00000000f5580000)
  object space 175104K, 62% used [0x00000000e0000000,0x00000000e6b21cc8,0x00000000eab00000)
 Metaspace       used 81558K, capacity 87944K, committed 88088K, reserved 1124352K
  class space    used 11027K, capacity 12233K, committed 12312K, reserved 1048576K
Event: 2063.260 GC heap after
Heap after GC invocations=24 (full 3):
 PSYoungGen      total 138240K, used 32744K [0x00000000f5580000, 0x0000000100000000, 0x0000000100000000)
  eden space 105472K, 0% used [0x00000000f5580000,0x00000000f5580000,0x00000000fbc80000)
  from space 32768K, 99% used [0x00000000fbc80000,0x00000000fdc7a3c0,0x00000000fdc80000)
  to   space 36352K, 0% used [0x00000000fdc80000,0x00000000fdc80000,0x0000000100000000)
 ParOldGen       total 175104K, used 110879K [0x00000000e0000000, 0x00000000eab00000, 0x00000000f5580000)
  object space 175104K, 63% used [0x00000000e0000000,0x00000000e6c47d18,0x00000000eab00000)
 Metaspace       used 81558K, capacity 87944K, committed 88088K, reserved 1124352K
  class space    used 11027K, capacity 12233K, committed 12312K, reserved 1048576K
}
Event: 2072.024 GC heap before
{Heap before GC invocations=25 (full 3):
 PSYoungGen      total 138240K, used 138203K [0x00000000f5580000, 0x0000000100000000, 0x0000000100000000)
  eden space 105472K, 99% used [0x00000000f5580000,0x00000000fbc7c948,0x00000000fbc80000)
  from space 32768K, 99% used [0x00000000fbc80000,0x00000000fdc7a3c0,0x00000000fdc80000)
  to   space 36352K, 0% used [0x00000000fdc80000,0x00000000fdc80000,0x0000000100000000)
 ParOldGen       total 175104K, used 110879K [0x00000000e0000000, 0x00000000eab00000, 0x00000000f5580000)
  object space 175104K, 63% used [0x00000000e0000000,0x00000000e6c47d18,0x00000000eab00000)
 Metaspace       used 83247K, capacity 89718K, committed 89880K, reserved 1126400K
  class space    used 11222K, capacity 12466K, committed 12568K, reserved 1048576K
Event: 2072.273 GC heap after
Heap after GC invocations=25 (full 3):
 PSYoungGen      total 134144K, used 4168K [0x00000000f5580000, 0x0000000100000000, 0x0000000100000000)
  eden space 97792K, 0% used [0x00000000f5580000,0x00000000f5580000,0x00000000fb500000)
  from space 36352K, 11% used [0x00000000fdc80000,0x00000000fe092000,0x0000000100000000)
  to   space 38400K, 0% used [0x00000000fb500000,0x00000000fb500000,0x00000000fda80000)
 ParOldGen       total 175104K, used 135921K [0x00000000e0000000, 0x00000000eab00000, 0x00000000f5580000)
  object space 175104K, 77% used [0x00000000e0000000,0x00000000e84bc4c0,0x00000000eab00000)
 Metaspace       used 83247K, capacity 89718K, committed 89880K, reserved 1126400K
  class space    used 11222K, capacity 12466K, committed 12568K, reserved 1048576K
}

Deoptimization events (10 events):
Event: 2072.760 Thread 0x000000001b644000 Uncommon trap: reason=class_check action=maybe_recompile pc=0x0000000005ae3568 method=com.sun.org.apache.xerces.internal.dom.ElementImpl.getNodeName()Ljava/lang/String; @ 8
Event: 2073.495 Thread 0x000000001b644000 Uncommon trap: reason=class_check action=maybe_recompile pc=0x0000000004484864 method=java.util.stream.ReferencePipeline$2$1.accept(Ljava/lang/Object;)V @ 21
Event: 2073.496 Thread 0x000000001b644000 Uncommon trap: reason=class_check action=maybe_recompile pc=0x0000000004484864 method=java.util.stream.ReferencePipeline$2$1.accept(Ljava/lang/Object;)V @ 21
Event: 2073.496 Thread 0x000000001b644000 Uncommon trap: reason=class_check action=maybe_recompile pc=0x0000000004484864 method=java.util.stream.ReferencePipeline$2$1.accept(Ljava/lang/Object;)V @ 21
Event: 2073.496 Thread 0x000000001b644000 Uncommon trap: reason=class_check action=maybe_recompile pc=0x0000000004484864 method=java.util.stream.ReferencePipeline$2$1.accept(Ljava/lang/Object;)V @ 21
Event: 2073.546 Thread 0x000000001b644000 Uncommon trap: reason=unstable_if action=reinterpret pc=0x00000000031f01c8 method=java.lang.AbstractStringBuilder.append(Ljava/lang/String;)Ljava/lang/AbstractStringBuilder; @ 1
Event: 2073.629 Thread 0x000000001b644000 Uncommon trap: reason=unstable_if action=reinterpret pc=0x0000000004de64b4 method=java.lang.Class.getSimpleName()Ljava/lang/String; @ 4
Event: 2073.643 Thread 0x000000001b644000 Uncommon trap: reason=bimorphic action=maybe_recompile pc=0x000000000376ee38 method=java.util.HashMap.removeNode(ILjava/lang/Object;Ljava/lang/Object;ZZ)Ljava/util/HashMap$Node; @ 68
Event: 2073.645 Thread 0x000000001b644000 Uncommon trap: reason=unstable_if action=reinterpret pc=0x00000000037bcbfc method=java.util.concurrent.ConcurrentHashMap.get(Ljava/lang/Object;)Ljava/lang/Object; @ 152
Event: 2073.672 Thread 0x000000001b644000 Uncommon trap: reason=unstable_if action=reinterpret pc=0x00000000033f6098 method=sun.nio.cs.SingleByte$Encoder.encodeArrayLoop(Ljava/nio/CharBuffer;Ljava/nio/ByteBuffer;)Ljava/nio/charset/CoderResult; @ 70

Classes redefined (0 events):
No events

Internal exceptions (10 events):
Event: 2067.802 Thread 0x000000001b644000 Exception <a 'sun/nio/fs/WindowsException'> (0x00000000f95bc1e8) thrown at [C:\cygwin64\tmp\build\source\java-1.8.0-openjdk\tmp\jdk8u\hotspot\src\share\vm\prims\jni.cpp, line 711]
Event: 2067.803 Thread 0x000000001b644000 Exception <a 'sun/nio/fs/WindowsException'> (0x00000000f95bd2f0) thrown at [C:\cygwin64\tmp\build\source\java-1.8.0-openjdk\tmp\jdk8u\hotspot\src\share\vm\prims\jni.cpp, line 711]
Event: 2067.804 Thread 0x000000001b644000 Exception <a 'sun/nio/fs/WindowsException'> (0x00000000f95bdf68) thrown at [C:\cygwin64\tmp\build\source\java-1.8.0-openjdk\tmp\jdk8u\hotspot\src\share\vm\prims\jni.cpp, line 711]
Event: 2067.804 Thread 0x000000001b644000 Exception <a 'sun/nio/fs/WindowsException'> (0x00000000f95bf020) thrown at [C:\cygwin64\tmp\build\source\java-1.8.0-openjdk\tmp\jdk8u\hotspot\src\share\vm\prims\jni.cpp, line 711]
Event: 2067.875 Thread 0x000000001b644000 Exception <a 'java/lang/NoSuchMethodError': <clinit>> (0x00000000f95e4d10) thrown at [C:\cygwin64\tmp\build\source\java-1.8.0-openjdk\tmp\jdk8u\hotspot\src\share\vm\prims\jni.cpp, line 1616]
Event: 2067.887 Thread 0x000000001b644000 Exception <a 'java/lang/NoSuchMethodError': <clinit>> (0x00000000f95fd668) thrown at [C:\cygwin64\tmp\build\source\java-1.8.0-openjdk\tmp\jdk8u\hotspot\src\share\vm\prims\jni.cpp, line 1616]
Event: 2073.546 Thread 0x000000001b644000 Implicit null exception at 0x00000000031efe16 to 0x00000000031f01b1
Event: 2073.958 Thread 0x00000000197ae000 Exception <a 'java/lang/NoSuchMethodError': <clinit>> (0x00000000f6f48070) thrown at [C:\cygwin64\tmp\build\source\java-1.8.0-openjdk\tmp\jdk8u\hotspot\src\share\vm\prims\jni.cpp, line 1616]
Event: 2073.960 Thread 0x00000000197ae000 Exception <a 'java/lang/NoSuchMethodError': <clinit>> (0x00000000f6f672e8) thrown at [C:\cygwin64\tmp\build\source\java-1.8.0-openjdk\tmp\jdk8u\hotspot\src\share\vm\prims\jni.cpp, line 1616]
Event: 2074.006 Thread 0x000000001b642800 Exception <a 'java/lang/NoSuchMethodError': <clinit>> (0x00000000f70b7608) thrown at [C:\cygwin64\tmp\build\source\java-1.8.0-openjdk\tmp\jdk8u\hotspot\src\share\vm\prims\jni.cpp, line 1616]

Events (10 events):
Event: 2074.291 loading class com/android/ide/common/symbols/SymbolTable$FastBuilder
Event: 2074.291 loading class com/android/ide/common/symbols/SymbolTable$FastBuilder done
Event: 2074.402 loading class com/google/common/collect/ImmutableTable
Event: 2074.402 loading class com/google/common/collect/ImmutableTable done
Event: 2074.438 loading class com/google/common/collect/SingletonImmutableTable
Event: 2074.438 loading class com/google/common/collect/SingletonImmutableTable done
Event: 2074.443 loading class com/google/common/collect/ImmutableTable$Builder
Event: 2074.443 loading class com/google/common/collect/ImmutableTable$Builder done
Event: 2074.444 loading class com/google/common/collect/RegularImmutableTable
Event: 2074.444 loading class com/google/common/collect/RegularImmutableTable done


Dynamic libraries:
0x00007ff689100000 - 0x00007ff689135000 	C:\Program Files\OpenJDK\openjdk-8u275-b01\bin\java.exe
0x00007ff9c1f70000 - 0x00007ff9c2165000 	C:\WINDOWS\SYSTEM32\ntdll.dll
0x00007ff9a5d70000 - 0x00007ff9a5d83000 	C:\Program Files\Avast Software\Avast\aswhook.dll
0x00007ff9c0120000 - 0x00007ff9c01dd000 	C:\WINDOWS\System32\KERNEL32.DLL
0x00007ff9bf810000 - 0x00007ff9bfad8000 	C:\WINDOWS\System32\KERNELBASE.dll
0x00007ff9bffd0000 - 0x00007ff9c007c000 	C:\WINDOWS\System32\ADVAPI32.dll
0x00007ff9c1db0000 - 0x00007ff9c1e4e000 	C:\WINDOWS\System32\msvcrt.dll
0x00007ff9c0080000 - 0x00007ff9c011b000 	C:\WINDOWS\System32\sechost.dll
0x00007ff9c03f0000 - 0x00007ff9c051b000 	C:\WINDOWS\System32\RPCRT4.dll
0x00007ff9c0c80000 - 0x00007ff9c0e20000 	C:\WINDOWS\System32\USER32.dll
0x00007ff9bfcc0000 - 0x00007ff9bfce2000 	C:\WINDOWS\System32\win32u.dll
0x00007ff9c0520000 - 0x00007ff9c054a000 	C:\WINDOWS\System32\GDI32.dll
0x00007ff9bfb80000 - 0x00007ff9bfc8b000 	C:\WINDOWS\System32\gdi32full.dll
0x00007ff9bfae0000 - 0x00007ff9bfb7d000 	C:\WINDOWS\System32\msvcp_win.dll
0x00007ff9bf6b0000 - 0x00007ff9bf7b0000 	C:\WINDOWS\System32\ucrtbase.dll
0x00007ff9be9b0000 - 0x00007ff9bec4a000 	C:\WINDOWS\WinSxS\amd64_microsoft.windows.common-controls_6595b64144ccf1df_6.0.19041.844_none_ca00b6081b84eb1d\COMCTL32.dll
0x00007ff9c1600000 - 0x00007ff9c1630000 	C:\WINDOWS\System32\IMM32.DLL
0x0000000054af0000 - 0x0000000054bc2000 	C:\Program Files\OpenJDK\openjdk-8u275-b01\jre\bin\msvcr100.dll
0x0000000054250000 - 0x0000000054ae4000 	C:\Program Files\OpenJDK\openjdk-8u275-b01\jre\bin\server\jvm.dll
0x00007ff9c15f0000 - 0x00007ff9c15f8000 	C:\WINDOWS\System32\PSAPI.DLL
0x00007ff9a7890000 - 0x00007ff9a78b7000 	C:\WINDOWS\SYSTEM32\WINMM.dll
0x00007ff9b42b0000 - 0x00007ff9b42ba000 	C:\WINDOWS\SYSTEM32\VERSION.dll
0x00007ff9af520000 - 0x00007ff9af529000 	C:\WINDOWS\SYSTEM32\WSOCK32.dll
0x00007ff9c1580000 - 0x00007ff9c15eb000 	C:\WINDOWS\System32\WS2_32.dll
0x00007ff9b5bf0000 - 0x00007ff9b5bff000 	C:\Program Files\OpenJDK\openjdk-8u275-b01\jre\bin\verify.dll
0x00007ff9b5bc0000 - 0x00007ff9b5be9000 	C:\Program Files\OpenJDK\openjdk-8u275-b01\jre\bin\java.dll
0x00007ff9b5ba0000 - 0x00007ff9b5bb6000 	C:\Program Files\OpenJDK\openjdk-8u275-b01\jre\bin\zip.dll
0x00007ff9c0e20000 - 0x00007ff9c1562000 	C:\WINDOWS\System32\SHELL32.dll
0x00007ff9bd1a0000 - 0x00007ff9bd931000 	C:\WINDOWS\SYSTEM32\windows.storage.dll
0x00007ff9c1a50000 - 0x00007ff9c1da5000 	C:\WINDOWS\System32\combase.dll
0x00007ff9bec70000 - 0x00007ff9bec9c000 	C:\WINDOWS\SYSTEM32\Wldp.dll
0x00007ff9c0a20000 - 0x00007ff9c0ace000 	C:\WINDOWS\System32\SHCORE.dll
0x00007ff9c16b0000 - 0x00007ff9c1705000 	C:\WINDOWS\System32\shlwapi.dll
0x00007ff9bf5f0000 - 0x00007ff9bf60f000 	C:\WINDOWS\SYSTEM32\profapi.dll
0x00007ff988a50000 - 0x00007ff988a6b000 	C:\Program Files\OpenJDK\openjdk-8u275-b01\jre\bin\net.dll
0x00007ff9be760000 - 0x00007ff9be7ca000 	C:\WINDOWS\system32\mswsock.dll
0x00007ff96e480000 - 0x00007ff96e492000 	C:\Program Files\OpenJDK\openjdk-8u275-b01\jre\bin\nio.dll
0x00007ff9a23e0000 - 0x00007ff9a2406000 	C:\Users\Dell\.gradle\native\fdc75f09e3144964f2cf3f50f0aa648679c211496f362492102eb8c894070792\windows-amd64\native-platform.dll
0x00007ff961340000 - 0x00007ff9614d1000 	C:\Users\Dell\.gradle\native\12488b8bf47d2d4c9fbf2f6322a914ad602e24e48041cd04a747c6da556b65c4\windows-amd64\native-platform-file-events.dll
0x00007ff9a3da0000 - 0x00007ff9a3dad000 	C:\Program Files\OpenJDK\openjdk-8u275-b01\jre\bin\management.dll
0x00007ff9bf370000 - 0x00007ff9bf388000 	C:\WINDOWS\SYSTEM32\CRYPTSP.dll
0x00007ff9be0d0000 - 0x00007ff9be104000 	C:\WINDOWS\system32\rsaenh.dll
0x00007ff9bfc90000 - 0x00007ff9bfcb7000 	C:\WINDOWS\System32\bcrypt.dll
0x00007ff9bf5b0000 - 0x00007ff9bf5de000 	C:\WINDOWS\SYSTEM32\USERENV.dll
0x00007ff9bfea0000 - 0x00007ff9bff20000 	C:\WINDOWS\System32\bcryptprimitives.dll
0x00007ff9be930000 - 0x00007ff9be93c000 	C:\WINDOWS\SYSTEM32\CRYPTBASE.dll
0x00007ff9be3b0000 - 0x00007ff9be3eb000 	C:\WINDOWS\SYSTEM32\IPHLPAPI.DLL
0x00007ff9c1e50000 - 0x00007ff9c1e58000 	C:\WINDOWS\System32\NSI.dll
0x00007ff9b4e00000 - 0x00007ff9b4e17000 	C:\WINDOWS\SYSTEM32\dhcpcsvc6.DLL
0x00007ff9b4ba0000 - 0x00007ff9b4bbd000 	C:\WINDOWS\SYSTEM32\dhcpcsvc.DLL
0x00007ff9be490000 - 0x00007ff9be55c000 	C:\WINDOWS\SYSTEM32\DNSAPI.dll
0x00007ff9b4e40000 - 0x00007ff9b4e4b000 	C:\WINDOWS\SYSTEM32\WINNSI.DLL
0x00007ff9b03d0000 - 0x00007ff9b03da000 	C:\Windows\System32\rasadhlp.dll
0x00007ff9b3e90000 - 0x00007ff9b3f0f000 	C:\WINDOWS\System32\fwpuclnt.dll
0x00007ff9bf330000 - 0x00007ff9bf363000 	C:\WINDOWS\SYSTEM32\ntmarta.dll
0x00007ff9bf060000 - 0x00007ff9bf244000 	C:\WINDOWS\SYSTEM32\dbghelp.dll

VM Arguments:
jvm_args: -XX:MaxMetaspaceSize=256m -XX:+HeapDumpOnOutOfMemoryError -Xms256m -Xmx512m -Dfile.encoding=windows-1252 -Duser.country=US -Duser.language=en -Duser.variant 
java_command: org.gradle.launcher.daemon.bootstrap.GradleDaemon 6.7
java_class_path (initial): C:\Users\Dell\.gradle\wrapper\dists\gradle-6.7-all\cuy9mc7upwgwgeb72wkcrupxe\gradle-6.7\lib\gradle-launcher-6.7.jar
Launcher Type: SUN_STANDARD

Environment Variables:
JAVA_HOME=C:\Program Files\OpenJDK\openjdk-8u275-b01
CLASSPATH=C:\Users\Dell\Desktop\my work\pmsApp\android\\gradle\wrapper\gradle-wrapper.jar
PATH=C:\Users\Dell\Desktop\my work\pmsApp\android\node_modules\.bin;C:\Users\Dell\Desktop\my work\pmsApp\node_modules\.bin;C:\Users\Dell\Desktop\my work\node_modules\.bin;C:\Users\Dell\Desktop\node_modules\.bin;C:\Users\Dell\node_modules\.bin;C:\Users\node_modules\.bin;C:\node_modules\.bin;C:\Program Files\nodejs;C:\Users\Dell\Desktop\my work\pmsApp\node_modules\.bin;C:\Users\Dell\Desktop\my work\node_modules\.bin;C:\Users\Dell\Desktop\node_modules\.bin;C:\Users\Dell\node_modules\.bin;C:\Users\node_modules\.bin;C:\node_modules\.bin;C:\Users\Dell\AppData\Roaming\npm\node_modules\npm\node_modules\@npmcli\run-script\lib\node-gyp-bin;C:\Program Files\PowerShell\7;C:\Windows\System32;C:\Program Files\nodejs\;E:\Git\cmd;C:\Users\Dell\AppData\Roaming\npm;C:\Users\Dell\AppData\Local\Programs\Microsoft VS Code\bin;C:\Program Files\heroku\bin;C:\Program Files\MongoDB\Server\4.4\bin;C:\src\flutter\bin;C:\Windows\System32\WindowsPowerShell\v1.0;;C:\Users\Dell\Desktop\my work\pmsApp\node_modules\.bin
USERNAME=Dell
OS=Windows_NT
PROCESSOR_IDENTIFIER=Intel64 Family 6 Model 58 Stepping 9, GenuineIntel



---------------  S Y S T E M  ---------------

OS: Windows 10.0 , 64 bit Build 19041 (10.0.19041.928)

CPU:total 4 (initial active 4) (2 cores per cpu, 2 threads per core) family 6 model 58 stepping 9, cmov, cx8, fxsr, mmx, sse, sse2, sse3, ssse3, sse4.1, sse4.2, popcnt, avx, aes, clmul, erms, ht, tsc, tscinvbit, tscinv

Memory: 4k page, physical 6191464k(574664k free), swap 12235868k(3177044k free)

vm_info: OpenJDK 64-Bit Server VM (25.275-b01) for windows-amd64 JRE (1.8.0_275-b01), built on Nov  6 2020 13:43:37 by "build" with MS VC++ 10.0 (VS2010)

time: Mon May 10 11:30:46 2021
timezone: Pakistan Standard Time
elapsed time: 2074.706178 seconds (0d 0h 34m 34s)

